mode: set
recipeBot/dll/dll.go:19.30,22.2 2 1
recipeBot/dll/dll.go:30.41,32.2 1 1
recipeBot/dll/dll.go:35.38,39.40 3 1
recipeBot/dll/dll.go:39.40,42.3 2 1
recipeBot/dll/dll.go:42.8,46.3 3 1
recipeBot/dll/dll.go:48.2,48.12 1 1
recipeBot/dll/dll.go:52.38,53.40 1 1
recipeBot/dll/dll.go:53.40,55.3 1 1
recipeBot/dll/dll.go:57.2,58.26 2 1
recipeBot/dll/dll.go:58.26,61.3 2 1
recipeBot/dll/dll.go:61.8,63.3 1 1
recipeBot/dll/dll.go:64.2,65.22 2 1
recipeBot/dll/dll.go:69.39,70.40 1 1
recipeBot/dll/dll.go:70.40,72.3 1 1
recipeBot/dll/dll.go:73.2,73.31 1 1
recipeBot/dll/dll.go:77.40,81.40 3 1
recipeBot/dll/dll.go:81.40,84.3 2 1
recipeBot/dll/dll.go:84.8,88.3 3 1
recipeBot/dll/dll.go:89.2,89.12 1 1
recipeBot/dll/dll.go:93.40,94.40 1 1
recipeBot/dll/dll.go:94.40,96.3 1 1
recipeBot/dll/dll.go:98.2,99.26 2 1
recipeBot/dll/dll.go:99.26,102.3 2 1
recipeBot/dll/dll.go:102.8,104.3 1 1
recipeBot/dll/dll.go:105.2,106.20 2 1
recipeBot/dll/dll.go:110.43,111.40 1 1
recipeBot/dll/dll.go:111.40,113.3 1 1
recipeBot/dll/dll.go:114.2,114.31 1 1
recipeBot/dll/dll.go:118.33,120.2 1 1
recipeBot/dll/dll.go:123.108,127.29 4 1
recipeBot/dll/dll.go:127.29,128.42 1 1
recipeBot/dll/dll.go:128.42,131.4 2 1
recipeBot/dll/dll.go:131.9,134.4 2 1
recipeBot/dll/dll.go:135.3,139.17 5 1
recipeBot/dll/dll.go:139.17,141.4 1 1
recipeBot/dll/dll.go:142.3,142.31 1 1
recipeBot/dll/dll.go:146.2,146.15 1 1
recipeBot/dll/dll.go:146.15,149.3 2 1
recipeBot/dll/dll.go:151.2,151.15 1 1
recipeBot/dll/dll.go:151.15,154.3 2 1
recipeBot/dll/dll.go:157.2,157.29 1 1
recipeBot/dll/dll.go:157.29,159.3 1 1
recipeBot/dll/dll.go:161.2,161.31 1 1
recipeBot/dll/dll.go:165.95,169.17 4 1
recipeBot/dll/dll.go:169.17,172.3 1 1
recipeBot/dll/dll.go:174.2,174.38 1 1
recipeBot/dll/dll.go:174.38,177.3 2 1
recipeBot/dll/dll.go:180.2,187.36 6 1
recipeBot/dll/dll.go:191.49,192.19 1 1
recipeBot/dll/dll.go:192.19,194.3 1 1
recipeBot/dll/dll.go:196.2,198.17 3 1
recipeBot/dll/dll_iter.go:10.50,12.14 2 1
recipeBot/dll/dll_iter.go:12.14,14.3 1 1
recipeBot/dll/dll_iter.go:14.8,16.3 1 1
recipeBot/dll/dll_iter.go:18.2,20.3 1 1
recipeBot/dll/dll_iter.go:24.39,26.2 1 1
recipeBot/dll/dll_iter.go:29.36,30.20 1 1
recipeBot/dll/dll_iter.go:30.20,33.3 2 1
recipeBot/dll/dll_iter.go:34.2,34.14 1 1
recipeBot/dll/dll_iter.go:38.39,40.2 1 1
recipeBot/dll/dll_iter.go:43.36,44.20 1 1
recipeBot/dll/dll_iter.go:44.20,47.3 2 1
recipeBot/dll/dll_iter.go:48.2,48.14 1 1
recipeBot/dll/dll_iter.go:52.39,54.2 1 1
recipeBot/dll/dll_iter.go:56.39,58.2 1 1
