mode: set
recipeBot/dll/dll.go:29.39,37.2 6 1
recipeBot/dll/dll.go:40.40,42.2 1 1
recipeBot/dll/dll.go:46.49,52.23 5 1
recipeBot/dll/dll.go:52.23,54.6 1 1
recipeBot/dll/dll.go:54.11,56.6 1 1
recipeBot/dll/dll.go:57.5,58.14 2 1
recipeBot/dll/dll.go:63.49,64.20 1 1
recipeBot/dll/dll.go:64.20,68.27 4 1
recipeBot/dll/dll.go:68.27,70.10 1 1
recipeBot/dll/dll.go:70.15,73.10 1 1
recipeBot/dll/dll.go:74.9,75.34 2 1
recipeBot/dll/dll.go:77.5,77.22 1 1
recipeBot/dll/dll.go:82.51,87.23 5 1
recipeBot/dll/dll.go:87.23,89.6 1 1
recipeBot/dll/dll.go:89.11,91.6 1 0
recipeBot/dll/dll.go:92.5,93.14 2 1
recipeBot/dll/dll.go:98.51,99.23 1 1
recipeBot/dll/dll.go:99.23,103.27 4 1
recipeBot/dll/dll.go:103.27,105.10 1 1
recipeBot/dll/dll.go:105.15,107.10 1 1
recipeBot/dll/dll.go:108.9,109.34 2 1
recipeBot/dll/dll.go:111.5,111.22 1 0
recipeBot/dll/dll.go:116.90,120.32 4 1
recipeBot/dll/dll.go:120.32,121.48 1 1
recipeBot/dll/dll.go:121.48,124.10 2 1
recipeBot/dll/dll.go:124.15,127.10 2 1
recipeBot/dll/dll.go:128.9,132.23 5 1
recipeBot/dll/dll.go:132.23,134.10 1 1
recipeBot/dll/dll.go:135.9,135.37 1 1
recipeBot/dll/dll.go:139.5,139.18 1 1
recipeBot/dll/dll.go:139.18,142.6 2 1
recipeBot/dll/dll.go:144.5,144.18 1 1
recipeBot/dll/dll.go:144.18,147.6 2 1
recipeBot/dll/dll.go:150.5,150.32 1 1
recipeBot/dll/dll.go:150.32,152.6 1 1
recipeBot/dll/dll.go:154.5,154.34 1 1
recipeBot/dll/dll.go:158.80,162.20 4 1
recipeBot/dll/dll.go:162.20,165.6 1 1
recipeBot/dll/dll.go:167.5,167.41 1 1
recipeBot/dll/dll.go:167.41,170.6 2 1
recipeBot/dll/dll.go:173.5,180.39 6 1
recipeBot/dll/dll.go:184.81,185.26 1 1
recipeBot/dll/dll.go:185.26,187.6 1 0
recipeBot/dll/dll.go:188.5,190.19 3 1
recipeBot/dll/dll.go:194.49,197.17 3 0
recipeBot/dll/dll.go:197.17,199.6 1 0
recipeBot/dll/dll.go:199.11,201.6 1 0
recipeBot/dll/dll.go:202.5,202.19 1 0
recipeBot/dll/dll.go:207.39,209.2 1 0
recipeBot/dll/dll.go:211.36,212.26 1 0
recipeBot/dll/dll.go:212.26,215.6 2 0
recipeBot/dll/dll.go:216.5,216.17 1 0
recipeBot/dll/dll.go:219.39,221.2 1 0
recipeBot/dll/dll.go:223.36,224.26 1 0
recipeBot/dll/dll.go:224.26,227.6 2 0
recipeBot/dll/dll.go:228.5,228.17 1 0
recipeBot/dll/dll.go:233.49,235.2 1 0
recipeBot/dll/dll.go:238.69,240.2 1 0
recipeBot/dll/dll.go:243.57,245.2 1 0
